{"js/values.js":{"path":"js/values.js","s":{"1":1,"2":1,"3":5},"b":{},"f":{"1":5},"fnMap":{"1":{"name":"getAreaCodes","line":13,"loc":{"start":{"line":13,"column":0},"end":{"line":13,"column":24}}}},"statementMap":{"1":{"start":{"line":1,"column":0},"end":{"line":11,"column":2}},"2":{"start":{"line":13,"column":0},"end":{"line":15,"column":1}},"3":{"start":{"line":14,"column":2},"end":{"line":14,"column":28}}},"branchMap":{}},"js/prompt.js":{"path":"js/prompt.js","s":{"1":1,"2":5,"3":5,"4":5,"5":5,"6":1,"7":14,"8":1,"9":5,"10":5,"11":5,"12":5,"13":1,"14":8,"15":8,"16":8,"17":8,"18":4,"19":4,"20":4,"21":8},"b":{"1":[5,0],"2":[5,0],"3":[4,4],"4":[3,5]},"f":{"1":5,"2":14,"3":5,"4":8},"fnMap":{"1":{"name":"getUserName","line":6,"loc":{"start":{"line":6,"column":0},"end":{"line":6,"column":23}}},"2":{"name":"validatePhoneNumber","line":21,"loc":{"start":{"line":21,"column":0},"end":{"line":21,"column":42}}},"3":{"name":"getPhoneNumber","line":31,"loc":{"start":{"line":31,"column":0},"end":{"line":31,"column":34}}},"4":{"name":"getLocation","line":47,"loc":{"start":{"line":47,"column":0},"end":{"line":47,"column":34}}}},"statementMap":{"1":{"start":{"line":6,"column":0},"end":{"line":13,"column":1}},"2":{"start":{"line":7,"column":2},"end":{"line":7,"column":53}},"3":{"start":{"line":9,"column":2},"end":{"line":11,"column":3}},"4":{"start":{"line":10,"column":4},"end":{"line":10,"column":78}},"5":{"start":{"line":12,"column":2},"end":{"line":12,"column":18}},"6":{"start":{"line":21,"column":0},"end":{"line":23,"column":1}},"7":{"start":{"line":22,"column":2},"end":{"line":22,"column":68}},"8":{"start":{"line":31,"column":0},"end":{"line":37,"column":1}},"9":{"start":{"line":32,"column":2},"end":{"line":32,"column":80}},"10":{"start":{"line":33,"column":2},"end":{"line":35,"column":3}},"11":{"start":{"line":34,"column":4},"end":{"line":34,"column":63}},"12":{"start":{"line":36,"column":2},"end":{"line":36,"column":21}},"13":{"start":{"line":47,"column":0},"end":{"line":59,"column":1}},"14":{"start":{"line":49,"column":2},"end":{"line":49,"column":64}},"15":{"start":{"line":51,"column":2},"end":{"line":51,"column":58}},"16":{"start":{"line":52,"column":2},"end":{"line":52,"column":40}},"17":{"start":{"line":53,"column":2},"end":{"line":57,"column":3}},"18":{"start":{"line":54,"column":4},"end":{"line":54,"column":31}},"19":{"start":{"line":55,"column":4},"end":{"line":55,"column":31}},"20":{"start":{"line":56,"column":4},"end":{"line":56,"column":39}},"21":{"start":{"line":58,"column":2},"end":{"line":58,"column":51}}},"branchMap":{"1":{"line":9,"type":"if","locations":[{"start":{"line":9,"column":2},"end":{"line":9,"column":2}},{"start":{"line":9,"column":2},"end":{"line":9,"column":2}}]},"2":{"line":33,"type":"if","locations":[{"start":{"line":33,"column":2},"end":{"line":33,"column":2}},{"start":{"line":33,"column":2},"end":{"line":33,"column":2}}]},"3":{"line":53,"type":"if","locations":[{"start":{"line":53,"column":2},"end":{"line":53,"column":2}},{"start":{"line":53,"column":2},"end":{"line":53,"column":2}}]},"4":{"line":58,"type":"cond-expr","locations":[{"start":{"line":58,"column":24},"end":{"line":58,"column":36}},{"start":{"line":58,"column":39},"end":{"line":58,"column":50}}]}}},"js/getImages.js":{"path":"js/getImages.js","s":{"1":1,"2":5,"3":5},"b":{},"f":{"1":5},"fnMap":{"1":{"name":"getImages","line":1,"loc":{"start":{"line":1,"column":-15},"end":{"line":1,"column":21}}}},"statementMap":{"1":{"start":{"line":1,"column":-15},"end":{"line":4,"column":1}},"2":{"start":{"line":2,"column":2},"end":{"line":2,"column":71}},"3":{"start":{"line":3,"column":2},"end":{"line":3,"column":16}}},"branchMap":{}},"js/replaceImages.js":{"path":"js/replaceImages.js","s":{"1":1,"2":9,"3":1,"4":9,"5":1,"6":10,"7":10,"8":1,"9":1,"10":9,"11":9,"12":10,"13":10,"14":10,"15":10,"16":10},"b":{"1":[1,9]},"f":{"1":9,"2":9,"3":10},"fnMap":{"1":{"name":"getImageHeight","line":1,"loc":{"start":{"line":1,"column":-15},"end":{"line":1,"column":31}}},"2":{"name":"getImageWidth","line":5,"loc":{"start":{"line":5,"column":0},"end":{"line":5,"column":30}}},"3":{"name":"replaceImages","line":9,"loc":{"start":{"line":9,"column":0},"end":{"line":9,"column":41}}}},"statementMap":{"1":{"start":{"line":1,"column":-15},"end":{"line":3,"column":1}},"2":{"start":{"line":2,"column":2},"end":{"line":2,"column":22}},"3":{"start":{"line":5,"column":0},"end":{"line":7,"column":1}},"4":{"start":{"line":6,"column":2},"end":{"line":6,"column":21}},"5":{"start":{"line":9,"column":0},"end":{"line":27,"column":1}},"6":{"start":{"line":10,"column":2},"end":{"line":10,"column":41}},"7":{"start":{"line":11,"column":2},"end":{"line":20,"column":3}},"8":{"start":{"line":14,"column":4},"end":{"line":14,"column":43}},"9":{"start":{"line":15,"column":4},"end":{"line":15,"column":10}},"10":{"start":{"line":18,"column":4},"end":{"line":18,"column":45}},"11":{"start":{"line":19,"column":4},"end":{"line":19,"column":10}},"12":{"start":{"line":21,"column":2},"end":{"line":26,"column":3}},"13":{"start":{"line":22,"column":4},"end":{"line":22,"column":22}},"14":{"start":{"line":23,"column":4},"end":{"line":23,"column":35}},"15":{"start":{"line":24,"column":4},"end":{"line":24,"column":33}},"16":{"start":{"line":25,"column":4},"end":{"line":25,"column":52}}},"branchMap":{"1":{"line":11,"type":"switch","locations":[{"start":{"line":12,"column":2},"end":{"line":15,"column":10}},{"start":{"line":16,"column":2},"end":{"line":19,"column":10}}]}}},"js/main.js":{"path":"js/main.js","s":{"1":1,"2":6,"3":6,"4":6,"5":6,"6":6,"7":6,"8":0,"9":0,"10":1},"b":{},"f":{"1":6,"2":0},"fnMap":{"1":{"name":"main","line":1,"loc":{"start":{"line":1,"column":-15},"end":{"line":1,"column":16}}},"2":{"name":"(anonymous_2)","line":7,"loc":{"start":{"line":7,"column":14},"end":{"line":7,"column":25}}}},"statementMap":{"1":{"start":{"line":1,"column":-15},"end":{"line":11,"column":1}},"2":{"start":{"line":2,"column":2},"end":{"line":2,"column":31}},"3":{"start":{"line":3,"column":2},"end":{"line":3,"column":45}},"4":{"start":{"line":4,"column":2},"end":{"line":4,"column":42}},"5":{"start":{"line":5,"column":2},"end":{"line":5,"column":27}},"6":{"start":{"line":6,"column":2},"end":{"line":6,"column":34}},"7":{"start":{"line":7,"column":2},"end":{"line":10,"column":11}},"8":{"start":{"line":8,"column":4},"end":{"line":8,"column":25}},"9":{"start":{"line":9,"column":4},"end":{"line":9,"column":36}},"10":{"start":{"line":13,"column":0},"end":{"line":13,"column":7}}},"branchMap":{}}}